# JRE version: OpenJDK Runtime Environment Temurin-21.0.6+7 (21.0.6+7) (build 21.0.6+7-LTS)
# Java VM: OpenJDK 64-Bit Server VM Temurin-21.0.6+7 (21.0.6+7-LTS, mixed mode, sharing, tiered, compressed oops, compressed class ptrs, parallel gc, windows-amd64)
GC Precious Log:
 CardTable entry size: 512
 CPUs: 8 total, 8 available
 Memory: 7873M
 Large Page Support: Disabled
 NUMA Support: Disabled
 Compressed Oops: Enabled (32-bit)
 Alignments: Space 512K, Generation 512K, Heap 2M
 Heap Min Capacity: 100M
 Heap Initial Capacity: 100M
 Heap Max Capacity: 1G
 Pre-touch: Disabled
 Parallel Workers: 8
Heap:
 PSYoungGen      total 6144K, used 987K [0x00000000eab00000, 0x00000000eb400000, 0x0000000100000000)
  eden space 5632K, 12% used [0x00000000eab00000,0x00000000eaba95f8,0x00000000eb080000)
  from space 512K, 60% used [0x00000000eb380000,0x00000000eb3cd7e0,0x00000000eb400000)
  to   space 512K, 0% used [0x00000000eb300000,0x00000000eb300000,0x00000000eb380000)
 ParOldGen       total 536576K, used 536561K [0x00000000c0000000, 0x00000000e0c00000, 0x00000000eab00000)
  object space 536576K, 99% used [0x00000000c0000000,0x00000000e0bfc748,0x00000000e0c00000)
 Metaspace       used 70707K, committed 72192K, reserved 1114112K
  class space    used 7551K, committed 8192K, reserved 1048576K
GC Heap History (20 events):
Event: 41.651 GC heap before
{Heap before GC invocations=314 (full 3):
 PSYoungGen      total 4096K, used 3872K [0x00000000eab00000, 0x00000000eb180000, 0x0000000100000000)
  eden space 2560K, 100% used [0x00000000eab00000,0x00000000ead80000,0x00000000ead80000)
  from space 1536K, 85% used [0x00000000eb000000,0x00000000eb148000,0x00000000eb180000)
  to   space 1536K, 0% used [0x00000000eae80000,0x00000000eae80000,0x00000000eb000000)
 ParOldGen       total 522240K, used 521795K [0x00000000c0000000, 0x00000000dfe00000, 0x00000000eab00000)
  object space 522240K, 99% used [0x00000000c0000000,0x00000000dfd90c18,0x00000000dfe00000)
 Metaspace       used 67373K, committed 68864K, reserved 1114112K
  class space    used 7098K, committed 7744K, reserved 1048576K
}
Event: 41.655 GC heap after
{Heap after GC invocations=314 (full 3):
 PSYoungGen      total 4608K, used 1536K [0x00000000eab00000, 0x00000000eb500000, 0x0000000100000000)
  eden space 3072K, 0% used [0x00000000eab00000,0x00000000eab00000,0x00000000eae00000)
  from space 1536K, 100% used [0x00000000eae80000,0x00000000eb000000,0x00000000eb000000)
  to   space 3584K, 0% used [0x00000000eb180000,0x00000000eb180000,0x00000000eb500000)
 ParOldGen       total 523264K, used 523147K [0x00000000c0000000, 0x00000000dff00000, 0x00000000eab00000)
  object space 523264K, 99% used [0x00000000c0000000,0x00000000dfee2c18,0x00000000dff00000)
 Metaspace       used 67373K, committed 68864K, reserved 1114112K
  class space    used 7098K, committed 7744K, reserved 1048576K
}
Event: 41.667 GC heap before
{Heap before GC invocations=315 (full 3):
 PSYoungGen      total 4608K, used 4608K [0x00000000eab00000, 0x00000000eb500000, 0x0000000100000000)
  eden space 3072K, 100% used [0x00000000eab00000,0x00000000eae00000,0x00000000eae00000)
  from space 1536K, 100% used [0x00000000eae80000,0x00000000eb000000,0x00000000eb000000)
  to   space 3584K, 0% used [0x00000000eb180000,0x00000000eb180000,0x00000000eb500000)
 ParOldGen       total 523264K, used 523147K [0x00000000c0000000, 0x00000000dff00000, 0x00000000eab00000)
  object space 523264K, 99% used [0x00000000c0000000,0x00000000dfee2c18,0x00000000dff00000)
 Metaspace       used 67541K, committed 68992K, reserved 1114112K
  class space    used 7105K, committed 7744K, reserved 1048576K
}
Event: 41.671 GC heap after
{Heap after GC invocations=315 (full 3):
 PSYoungGen      total 6656K, used 1943K [0x00000000eab00000, 0x00000000eb400000, 0x0000000100000000)
  eden space 4096K, 0% used [0x00000000eab00000,0x00000000eab00000,0x00000000eaf00000)
  from space 2560K, 75% used [0x00000000eb180000,0x00000000eb365d30,0x00000000eb400000)
  to   space 2560K, 0% used [0x00000000eaf00000,0x00000000eaf00000,0x00000000eb180000)
 ParOldGen       total 524800K, used 524667K [0x00000000c0000000, 0x00000000e0080000, 0x00000000eab00000)
  object space 524800K, 99% used [0x00000000c0000000,0x00000000e005ec18,0x00000000e0080000)
 Metaspace       used 67541K, committed 68992K, reserved 1114112K
  class space    used 7105K, committed 7744K, reserved 1048576K
}
Event: 41.695 GC heap before
{Heap before GC invocations=316 (full 3):
 PSYoungGen      total 6656K, used 6039K [0x00000000eab00000, 0x00000000eb400000, 0x0000000100000000)
  eden space 4096K, 100% used [0x00000000eab00000,0x00000000eaf00000,0x00000000eaf00000)
  from space 2560K, 75% used [0x00000000eb180000,0x00000000eb365d30,0x00000000eb400000)
  to   space 2560K, 0% used [0x00000000eaf00000,0x00000000eaf00000,0x00000000eb180000)
 ParOldGen       total 524800K, used 524667K [0x00000000c0000000, 0x00000000e0080000, 0x00000000eab00000)
  object space 524800K, 99% used [0x00000000c0000000,0x00000000e005ec18,0x00000000e0080000)
 Metaspace       used 67585K, committed 69056K, reserved 1114112K
  class space    used 7108K, committed 7744K, reserved 1048576K
}
Event: 41.700 GC heap after
{Heap after GC invocations=316 (full 3):
 PSYoungGen      total 6656K, used 2560K [0x00000000eab00000, 0x00000000eba00000, 0x0000000100000000)
  eden space 4096K, 0% used [0x00000000eab00000,0x00000000eab00000,0x00000000eaf00000)
  from space 2560K, 100% used [0x00000000eaf00000,0x00000000eb180000,0x00000000eb180000)
  to   space 5120K, 0% used [0x00000000eb500000,0x00000000eb500000,0x00000000eba00000)
 ParOldGen       total 526848K, used 526587K [0x00000000c0000000, 0x00000000e0280000, 0x00000000eab00000)
  object space 526848K, 99% used [0x00000000c0000000,0x00000000e023ec18,0x00000000e0280000)
 Metaspace       used 67585K, committed 69056K, reserved 1114112K
  class space    used 7108K, committed 7744K, reserved 1048576K
}
Event: 41.717 GC heap before
{Heap before GC invocations=317 (full 3):
 PSYoungGen      total 6656K, used 6631K [0x00000000eab00000, 0x00000000eba00000, 0x0000000100000000)
  eden space 4096K, 99% used [0x00000000eab00000,0x00000000eaef9e30,0x00000000eaf00000)
  from space 2560K, 100% used [0x00000000eaf00000,0x00000000eb180000,0x00000000eb180000)
  to   space 5120K, 0% used [0x00000000eb500000,0x00000000eb500000,0x00000000eba00000)
 ParOldGen       total 526848K, used 526587K [0x00000000c0000000, 0x00000000e0280000, 0x00000000eab00000)
  object space 526848K, 99% used [0x00000000c0000000,0x00000000e023ec18,0x00000000e0280000)
 Metaspace       used 67662K, committed 69120K, reserved 1114112K
  class space    used 7119K, committed 7744K, reserved 1048576K
}
Event: 41.722 GC heap after
{Heap after GC invocations=317 (full 3):
 PSYoungGen      total 7680K, used 2447K [0x00000000eab00000, 0x00000000eb780000, 0x0000000100000000)
  eden space 5120K, 0% used [0x00000000eab00000,0x00000000eab00000,0x00000000eb000000)
  from space 2560K, 95% used [0x00000000eb500000,0x00000000eb763c28,0x00000000eb780000)
  to   space 3584K, 0% used [0x00000000eb080000,0x00000000eb080000,0x00000000eb400000)
 ParOldGen       total 529408K, used 529179K [0x00000000c0000000, 0x00000000e0500000, 0x00000000eab00000)
  object space 529408K, 99% used [0x00000000c0000000,0x00000000e04c6c18,0x00000000e0500000)
 Metaspace       used 67662K, committed 69120K, reserved 1114112K
  class space    used 7119K, committed 7744K, reserved 1048576K
}
Event: 41.744 GC heap before
{Heap before GC invocations=318 (full 3):
 PSYoungGen      total 7680K, used 7567K [0x00000000eab00000, 0x00000000eb780000, 0x0000000100000000)
  eden space 5120K, 100% used [0x00000000eab00000,0x00000000eb000000,0x00000000eb000000)
  from space 2560K, 95% used [0x00000000eb500000,0x00000000eb763c28,0x00000000eb780000)
  to   space 3584K, 0% used [0x00000000eb080000,0x00000000eb080000,0x00000000eb400000)
 ParOldGen       total 529408K, used 529179K [0x00000000c0000000, 0x00000000e0500000, 0x00000000eab00000)
  object space 529408K, 99% used [0x00000000c0000000,0x00000000e04c6c18,0x00000000e0500000)
 Metaspace       used 67867K, committed 69312K, reserved 1114112K
  class space    used 7143K, committed 7744K, reserved 1048576K
}
Event: 41.750 GC heap after
{Heap after GC invocations=318 (full 3):
 PSYoungGen      total 9216K, used 2873K [0x00000000eab00000, 0x00000000eb700000, 0x0000000100000000)
  eden space 5632K, 0% used [0x00000000eab00000,0x00000000eab00000,0x00000000eb080000)
  from space 3584K, 80% used [0x00000000eb080000,0x00000000eb34e428,0x00000000eb400000)
  to   space 3072K, 0% used [0x00000000eb400000,0x00000000eb400000,0x00000000eb700000)
 ParOldGen       total 531968K, used 531497K [0x00000000c0000000, 0x00000000e0780000, 0x00000000eab00000)
  object space 531968K, 99% used [0x00000000c0000000,0x00000000e070a6f8,0x00000000e0780000)
 Metaspace       used 67867K, committed 69312K, reserved 1114112K
  class space    used 7143K, committed 7744K, reserved 1048576K
}
Event: 41.799 GC heap before
{Heap before GC invocations=319 (full 3):
 PSYoungGen      total 9216K, used 8505K [0x00000000eab00000, 0x00000000eb700000, 0x0000000100000000)
  eden space 5632K, 100% used [0x00000000eab00000,0x00000000eb080000,0x00000000eb080000)
  from space 3584K, 80% used [0x00000000eb080000,0x00000000eb34e428,0x00000000eb400000)
  to   space 3072K, 0% used [0x00000000eb400000,0x00000000eb400000,0x00000000eb700000)
 ParOldGen       total 531968K, used 531497K [0x00000000c0000000, 0x00000000e0780000, 0x00000000eab00000)
  object space 531968K, 99% used [0x00000000c0000000,0x00000000e070a6f8,0x00000000e0780000)
 Metaspace       used 68242K, committed 69696K, reserved 1114112K
  class space    used 7182K, committed 7808K, reserved 1048576K
}
Event: 41.804 GC heap after
{Heap after GC invocations=319 (full 3):
 PSYoungGen      total 7680K, used 1984K [0x00000000eab00000, 0x00000000eb600000, 0x0000000100000000)
  eden space 5632K, 0% used [0x00000000eab00000,0x00000000eab00000,0x00000000eb080000)
  from space 2048K, 96% used [0x00000000eb400000,0x00000000eb5f0000,0x00000000eb600000)
  to   space 2560K, 0% used [0x00000000eb100000,0x00000000eb100000,0x00000000eb380000)
 ParOldGen       total 534528K, used 534313K [0x00000000c0000000, 0x00000000e0a00000, 0x00000000eab00000)
  object space 534528K, 99% used [0x00000000c0000000,0x00000000e09ca718,0x00000000e0a00000)
 Metaspace       used 68242K, committed 69696K, reserved 1114112K
  class space    used 7182K, committed 7808K, reserved 1048576K
}
Event: 41.879 GC heap before
{Heap before GC invocations=320 (full 3):
 PSYoungGen      total 7680K, used 7616K [0x00000000eab00000, 0x00000000eb600000, 0x0000000100000000)
  eden space 5632K, 100% used [0x00000000eab00000,0x00000000eb080000,0x00000000eb080000)
  from space 2048K, 96% used [0x00000000eb400000,0x00000000eb5f0000,0x00000000eb600000)
  to   space 2560K, 0% used [0x00000000eb100000,0x00000000eb100000,0x00000000eb380000)
 ParOldGen       total 534528K, used 534313K [0x00000000c0000000, 0x00000000e0a00000, 0x00000000eab00000)
  object space 534528K, 99% used [0x00000000c0000000,0x00000000e09ca718,0x00000000e0a00000)
 Metaspace       used 68958K, committed 70400K, reserved 1114112K
  class space    used 7272K, committed 7872K, reserved 1048576K
}
Event: 41.882 GC heap after
{Heap after GC invocations=320 (full 3):
 PSYoungGen      total 8192K, used 336K [0x00000000eab00000, 0x00000000eb480000, 0x0000000100000000)
  eden space 5632K, 0% used [0x00000000eab00000,0x00000000eab00000,0x00000000eb080000)
  from space 2560K, 13% used [0x00000000eb100000,0x00000000eb154010,0x00000000eb380000)
  to   space 1024K, 0% used [0x00000000eb380000,0x00000000eb380000,0x00000000eb480000)
 ParOldGen       total 536576K, used 536137K [0x00000000c0000000, 0x00000000e0c00000, 0x00000000eab00000)
  object space 536576K, 99% used [0x00000000c0000000,0x00000000e0b92718,0x00000000e0c00000)
 Metaspace       used 68958K, committed 70400K, reserved 1114112K
  class space    used 7272K, committed 7872K, reserved 1048576K
}
Event: 41.982 GC heap before
{Heap before GC invocations=321 (full 3):
 PSYoungGen      total 8192K, used 5968K [0x00000000eab00000, 0x00000000eb480000, 0x0000000100000000)
  eden space 5632K, 100% used [0x00000000eab00000,0x00000000eb080000,0x00000000eb080000)
  from space 2560K, 13% used [0x00000000eb100000,0x00000000eb154010,0x00000000eb380000)
  to   space 1024K, 0% used [0x00000000eb380000,0x00000000eb380000,0x00000000eb480000)
 ParOldGen       total 536576K, used 536137K [0x00000000c0000000, 0x00000000e0c00000, 0x00000000eab00000)
  object space 536576K, 99% used [0x00000000c0000000,0x00000000e0b92718,0x00000000e0c00000)
 Metaspace       used 69435K, committed 70912K, reserved 1114112K
  class space    used 7380K, committed 8000K, reserved 1048576K
}
Event: 41.984 GC heap after
{Heap after GC invocations=321 (full 3):
 PSYoungGen      total 6144K, used 192K [0x00000000eab00000, 0x00000000eb400000, 0x0000000100000000)
  eden space 5632K, 0% used [0x00000000eab00000,0x00000000eab00000,0x00000000eb080000)
  from space 512K, 37% used [0x00000000eb380000,0x00000000eb3b0000,0x00000000eb400000)
  to   space 512K, 0% used [0x00000000eb300000,0x00000000eb300000,0x00000000eb380000)
 ParOldGen       total 536576K, used 536281K [0x00000000c0000000, 0x00000000e0c00000, 0x00000000eab00000)
  object space 536576K, 99% used [0x00000000c0000000,0x00000000e0bb6748,0x00000000e0c00000)
 Metaspace       used 69435K, committed 70912K, reserved 1114112K
  class space    used 7380K, committed 8000K, reserved 1048576K
}
Event: 43.592 GC heap before
{Heap before GC invocations=322 (full 3):
 PSYoungGen      total 6144K, used 5824K [0x00000000eab00000, 0x00000000eb400000, 0x0000000100000000)
  eden space 5632K, 100% used [0x00000000eab00000,0x00000000eb080000,0x00000000eb080000)
  from space 512K, 37% used [0x00000000eb380000,0x00000000eb3b0000,0x00000000eb400000)
  to   space 512K, 0% used [0x00000000eb300000,0x00000000eb300000,0x00000000eb380000)
 ParOldGen       total 536576K, used 536281K [0x00000000c0000000, 0x00000000e0c00000, 0x00000000eab00000)
  object space 536576K, 99% used [0x00000000c0000000,0x00000000e0bb6748,0x00000000e0c00000)
 Metaspace       used 70076K, committed 71552K, reserved 1114112K
  class space    used 7477K, committed 8128K, reserved 1048576K
}
Event: 43.594 GC heap after
{Heap after GC invocations=322 (full 3):
 PSYoungGen      total 6144K, used 384K [0x00000000eab00000, 0x00000000eb400000, 0x0000000100000000)
  eden space 5632K, 0% used [0x00000000eab00000,0x00000000eab00000,0x00000000eb080000)
  from space 512K, 75% used [0x00000000eb300000,0x00000000eb360000,0x00000000eb380000)
  to   space 512K, 0% used [0x00000000eb380000,0x00000000eb380000,0x00000000eb400000)
 ParOldGen       total 536576K, used 536377K [0x00000000c0000000, 0x00000000e0c00000, 0x00000000eab00000)
  object space 536576K, 99% used [0x00000000c0000000,0x00000000e0bce748,0x00000000e0c00000)
 Metaspace       used 70076K, committed 71552K, reserved 1114112K
  class space    used 7477K, committed 8128K, reserved 1048576K
}
Event: 985.528 GC heap before
{Heap before GC invocations=323 (full 3):
 PSYoungGen      total 6144K, used 6015K [0x00000000eab00000, 0x00000000eb400000, 0x0000000100000000)
  eden space 5632K, 99% used [0x00000000eab00000,0x00000000eb07ff00,0x00000000eb080000)
  from space 512K, 75% used [0x00000000eb300000,0x00000000eb360000,0x00000000eb380000)
  to   space 512K, 0% used [0x00000000eb380000,0x00000000eb380000,0x00000000eb400000)
 ParOldGen       total 536576K, used 536377K [0x00000000c0000000, 0x00000000e0c00000, 0x00000000eab00000)
  object space 536576K, 99% used [0x00000000c0000000,0x00000000e0bce748,0x00000000e0c00000)
 Metaspace       used 70644K, committed 72128K, reserved 1114112K
  class space    used 7538K, committed 8192K, reserved 1048576K
}
Event: 986.241 GC heap after
{Heap after GC invocations=323 (full 3):
 PSYoungGen      total 6144K, used 309K [0x00000000eab00000, 0x00000000eb400000, 0x0000000100000000)
  eden space 5632K, 0% used [0x00000000eab00000,0x00000000eab00000,0x00000000eb080000)
  from space 512K, 60% used [0x00000000eb380000,0x00000000eb3cd7e0,0x00000000eb400000)
  to   space 512K, 0% used [0x00000000eb300000,0x00000000eb300000,0x00000000eb380000)
 ParOldGen       total 536576K, used 536561K [0x00000000c0000000, 0x00000000e0c00000, 0x00000000eab00000)
  object space 536576K, 99% used [0x00000000c0000000,0x00000000e0bfc748,0x00000000e0c00000)
 Metaspace       used 70644K, committed 72128K, reserved 1114112K
  class space    used 7538K, committed 8192K, reserved 1048576K
}

